<?xml version="1.0" encoding="UTF-8"?>
<testng-results skipped="0" failed="0" ignored="0" total="2" passed="2">
  <reporter-output>
  </reporter-output>
  <suite name="Default suite" duration-ms="2202" started-at="2018-04-14T02:44:17Z" finished-at="2018-04-14T02:44:20Z">
    <groups>
    </groups>
    <test name="Default test" duration-ms="2202" started-at="2018-04-14T02:44:17Z" finished-at="2018-04-14T02:44:20Z">
      <class name="com.techiesky.application.SimpleGetTest">
        <test-method status="PASS" signature="GetCarOneDetails()[pri:0, instance:com.techiesky.application.SimpleGetTest@13deb50e]" name="GetCarOneDetails" duration-ms="2069" started-at="2018-04-14T02:44:17Z" finished-at="2018-04-14T02:44:19Z">
          <reporter-output>
          </reporter-output>
        </test-method> <!-- GetCarOneDetails -->
        <test-method status="PASS" signature="GetCarsDetails()[pri:0, instance:com.techiesky.application.SimpleGetTest@13deb50e]" name="GetCarsDetails" duration-ms="68" started-at="2018-04-14T02:44:20Z" finished-at="2018-04-14T02:44:20Z">
          <reporter-output>
          </reporter-output>
        </test-method> <!-- GetCarsDetails -->
      </class> <!-- com.techiesky.application.SimpleGetTest -->
    </test> <!-- Default test -->
  </suite> <!-- Default suite -->
</testng-results>
